CREATE TABLE t1(i INT, j INT);
INSERT INTO t1 VALUES (0,0),(1,1),(2,2),(3,3),(4,4);
ANALYZE TABLE t1;
Table	Op	Msg_type	Msg_text
test.t1	analyze	status	OK
#
# Bug#34302461: EXPLAIN cost and row estimates are wrong for UNION
#
# These two queries get the same plan and should therefore have the
# same row and cost estimates.
EXPLAIN FORMAT=TREE SELECT i FROM t1 UNION SELECT 7 ORDER BY i;
EXPLAIN
-> Sort: i  (cost=7.28..7.28 rows=6)
    -> Table scan on <union temporary>  (cost=2.56..4.71 rows=6)
        -> Union materialize with deduplication  (cost=2.13..2.13 rows=6)
            -> Table scan on t1  (cost=0.75 rows=5)
            -> Rows fetched before execution  (cost=0..0 rows=1)

EXPLAIN FORMAT=TREE SELECT * FROM (SELECT i FROM t1 UNION SELECT 7) d1
ORDER BY i;
EXPLAIN
-> Sort: d1.i  (cost=7.28..7.28 rows=6)
    -> Table scan on d1  (cost=2.56..4.71 rows=6)
        -> Union materialize with deduplication  (cost=2.13..2.13 rows=6)
            -> Table scan on t1  (cost=0.75 rows=5)
            -> Rows fetched before execution  (cost=0..0 rows=1)

# These two queries get the same plan and should therefore have the
# same row and cost estimates.
EXPLAIN FORMAT=TREE SELECT * FROM t1 UNION SELECT * FROM t1 ORDER BY i;
EXPLAIN
-> Sort: i  (cost=11..11 rows=10)
    -> Table scan on <union temporary>  (cost=4.07..6.43 rows=10)
        -> Union materialize with deduplication  (cost=3.8..3.8 rows=10)
            -> Table scan on t1  (cost=0.75 rows=5)
            -> Table scan on t1  (cost=0.75 rows=5)

EXPLAIN FORMAT=TREE SELECT * FROM (SELECT * FROM t1 UNION SELECT * FROM t1)
d1 ORDER BY i;
EXPLAIN
-> Sort: d1.i  (cost=11..11 rows=10)
    -> Table scan on d1  (cost=4.07..6.43 rows=10)
        -> Union materialize with deduplication  (cost=3.8..3.8 rows=10)
            -> Table scan on t1  (cost=0.75 rows=5)
            -> Table scan on t1  (cost=0.75 rows=5)

#
# Bug#33834146: 'EXPLAIN ANALYZE' cost + elapsed time not cumulative
# when using materialization
#
EXPLAIN FORMAT=TREE INSERT INTO t1 SELECT MAX(i), 3 FROM
(SELECT * FROM t1 ORDER BY j LIMIT 5) AS d1;
EXPLAIN
-> Insert into t1
    -> Aggregate: max(t1.i)  (cost=9.33..9.33 rows=1)
        -> Table scan on <temporary>  (cost=6.13..8.18 rows=5)
            -> Temporary table  (cost=5.62..5.62 rows=5)
                -> Table scan on d1  (cost=2.41..4.46 rows=5)
                    -> Materialize  (cost=1.9..1.9 rows=5)
                        -> Limit: 5 row(s)  (cost=0.75 rows=5)
                            -> Sort: t1.j, limit input to 5 row(s) per chunk  (cost=0.75 rows=5)
                                -> Table scan on t1  (cost=0.75 rows=5)

DROP TABLE t1;
